<?xml version='1.0'?>
<ns2:test-suite xmlns:ns2='urn:model.allure.qatools.yandex.ru' start='1748356712420' stop='1748356742504'>
    <name>[REGRESSION] Get serversV2 endpoint</name>
    <title>[REGRESSION] Get serversV2 endpoint</title>
    <test-cases>
        <test-case start='1748356712420' status='failed' stop='1748356727447'>
            <name>should limit server count returned when filter is used and check if parameters have values</name>
            <title>should limit server count returned when filter is used and check if parameters have values</title>
            <labels/>
            <parameters/>
            <steps/>
            <attachments/>
            <failure>
                <message>Error: Endpoint is not responding. 5 attempts has been made with 3 seconds apart. Endpoint: https://127.0.0.1/v1/servers. Method: get</message>
                <stack-trace>    at next (/app/node_modules/@nordvpn/tests-backend-core/src/request.js:38:11)
                    at /app/node_modules/@nordvpn/tests-backend-core/src/request.js:34:16
                    at async UserContext.&lt;anonymous> (/app/tests/regression/serversV2.spec.js:14:26)</stack-trace>
            </failure>
        </test-case>
        <test-case start='1748356727449' status='failed' stop='1748356742502'>
            <name>should return empty array when filters do not match any server</name>
            <title>should return empty array when filters do not match any server</title>
            <labels/>
            <parameters/>
            <steps/>
            <attachments/>
            <failure>
                <message>Error: Endpoint is not responding. 5 attempts has been made with 3 seconds apart. Endpoint: https://127.0.0.1/v1/servers. Method: get</message>
                <stack-trace>    at next (/app/node_modules/@nordvpn/tests-backend-core/src/request.js:38:11)
                    at /app/node_modules/@nordvpn/tests-backend-core/src/request.js:34:16
                    at async UserContext.&lt;anonymous> (/app/tests/regression/serversV2.spec.js:79:26)</stack-trace>
            </failure>
        </test-case>
    </test-cases>
</ns2:test-suite>